{"/Users/damacm1105/Desktop/team_generator/js/logic.js": {"path":"/Users/damacm1105/Desktop/team_generator/js/logic.js","statementMap":{"0":{"start":{"line":1,"column":17},"end":{"line":17,"column":1}},"1":{"start":{"line":19,"column":14},"end":{"line":19,"column":16}},"2":{"start":{"line":22,"column":2},"end":{"line":22,"column":18}},"3":{"start":{"line":24,"column":2},"end":{"line":27,"column":3}},"4":{"start":{"line":25,"column":4},"end":{"line":25,"column":49}},"5":{"start":{"line":26,"column":4},"end":{"line":26,"column":39}},"6":{"start":{"line":29,"column":2},"end":{"line":31,"column":3}},"7":{"start":{"line":29,"column":15},"end":{"line":29,"column":16}},"8":{"start":{"line":30,"column":4},"end":{"line":30,"column":45}},"9":{"start":{"line":33,"column":2},"end":{"line":33,"column":21}},"10":{"start":{"line":37,"column":22},"end":{"line":37,"column":67}},"11":{"start":{"line":37,"column":47},"end":{"line":37,"column":66}},"12":{"start":{"line":39,"column":2},"end":{"line":43,"column":3}},"13":{"start":{"line":40,"column":4},"end":{"line":42,"column":5}},"14":{"start":{"line":40,"column":17},"end":{"line":40,"column":18}},"15":{"start":{"line":41,"column":6},"end":{"line":41,"column":55}},"16":{"start":{"line":45,"column":2},"end":{"line":47,"column":3}},"17":{"start":{"line":45,"column":15},"end":{"line":45,"column":16}},"18":{"start":{"line":46,"column":4},"end":{"line":46,"column":46}},"19":{"start":{"line":50,"column":0},"end":{"line":50,"column":65}}},"fnMap":{"0":{"name":"set_teamsFn","decl":{"start":{"line":21,"column":9},"end":{"line":21,"column":20}},"loc":{"start":{"line":21,"column":32},"end":{"line":34,"column":1}},"line":21},"1":{"name":"place_intoTeamFn","decl":{"start":{"line":36,"column":9},"end":{"line":36,"column":25}},"loc":{"start":{"line":36,"column":28},"end":{"line":48,"column":1}},"line":36},"2":{"name":"(anonymous_2)","decl":{"start":{"line":37,"column":41},"end":{"line":37,"column":42}},"loc":{"start":{"line":37,"column":47},"end":{"line":37,"column":66}},"line":37}},"branchMap":{"0":{"loc":{"start":{"line":24,"column":2},"end":{"line":27,"column":3}},"type":"if","locations":[{"start":{"line":24,"column":2},"end":{"line":27,"column":3}},{"start":{},"end":{}}],"line":24},"1":{"loc":{"start":{"line":24,"column":6},"end":{"line":24,"column":53}},"type":"binary-expr","locations":[{"start":{"line":24,"column":6},"end":{"line":24,"column":33}},{"start":{"line":24,"column":37},"end":{"line":24,"column":53}}],"line":24}},"s":{"0":2,"1":2,"2":4,"3":4,"4":2,"5":0,"6":2,"7":2,"8":6,"9":2,"10":1,"11":38,"12":1,"13":4,"14":4,"15":16,"16":1,"17":1,"18":4,"19":2},"f":{"0":4,"1":1,"2":38},"b":{"0":[2,2],"1":[4,3]},"_coverageSchema":"1a1c01bbd47fc00a2c39e90264f33305004495a9","hash":"e78a7a6d1b8e9877e32fa5b2971f36af77d3af3a"}
}
